Copyright 1986-2022 Xilinx, Inc. All Rights Reserved. Copyright 2022-2024 Advanced Micro Devices, Inc. All Rights Reserved.
---------------------------------------------------------------------------------------------------------------------------------------------
| Tool Version : Vivado v.2024.2 (lin64) Build 5239630 Fri Nov 08 22:34:34 MST 2024
| Date         : Wed May 13 12:22:34 2026
| Host         : jhnotebook running 64-bit Ubuntu 20.04.4 LTS
| Command      : upgrade_ip
| Device       : xc7z020clg484-1
---------------------------------------------------------------------------------------------------------------------------------------------

Upgrade Log for IP 'layernorm_axi_wrapper_0'

1. Summary
----------

SUCCESS in the upgrade of layernorm_axi_wrapper_0 (xilinx.com:user:layernorm_axi_wrapper:1.0) from (Rev. 6) to (Rev. 7)






Copyright 1986-2022 Xilinx, Inc. All Rights Reserved. Copyright 2022-2024 Advanced Micro Devices, Inc. All Rights Reserved.
---------------------------------------------------------------------------------------------------------------------------------------------
| Tool Version : Vivado v.2024.2 (lin64) Build 5239630 Fri Nov 08 22:34:34 MST 2024
| Date         : Wed May 13 11:57:21 2026
| Host         : jhnotebook running 64-bit Ubuntu 20.04.4 LTS
| Command      : upgrade_ip
| Device       : xc7z020clg484-1
---------------------------------------------------------------------------------------------------------------------------------------------

Upgrade Log for IP 'layernorm_axi_wrapper_0'

1. Summary
----------

SUCCESS in the update of layernorm_axi_wrapper_0 (xilinx.com:user:layernorm_axi_wrapper:1.0 (Rev. 6)) to current project options.






Copyright 1986-2022 Xilinx, Inc. All Rights Reserved. Copyright 2022-2024 Advanced Micro Devices, Inc. All Rights Reserved.
---------------------------------------------------------------------------------------------------------------------------------------------
| Tool Version : Vivado v.2024.2 (lin64) Build 5239630 Fri Nov 08 22:34:34 MST 2024
| Date         : Wed May 13 11:56:26 2026
| Host         : jhnotebook running 64-bit Ubuntu 20.04.4 LTS
| Command      : upgrade_ip
| Device       : xc7z020clg484-1
---------------------------------------------------------------------------------------------------------------------------------------------

Upgrade Log for IP 'layernorm_axi_wrapper_0'

1. Summary
----------

SUCCESS in the update of layernorm_axi_wrapper_0 (xilinx.com:user:layernorm_axi_wrapper:1.0 (Rev. 6)) to current project options.






Copyright 1986-2022 Xilinx, Inc. All Rights Reserved. Copyright 2022-2024 Advanced Micro Devices, Inc. All Rights Reserved.
---------------------------------------------------------------------------------------------------------------------------------------------
| Tool Version : Vivado v.2024.2 (lin64) Build 5239630 Fri Nov 08 22:34:34 MST 2024
| Date         : Wed May 13 11:21:48 2026
| Host         : jhnotebook running 64-bit Ubuntu 20.04.4 LTS
| Command      : upgrade_ip
| Device       : xc7z020clg484-1
---------------------------------------------------------------------------------------------------------------------------------------------

Upgrade Log for IP 'layernorm_axi_wrapper_0'

1. Summary
----------

SUCCESS in the upgrade of layernorm_axi_wrapper_0 (xilinx.com:user:layernorm_axi_wrapper:1.0) from (Rev. 5) to (Rev. 6)






Copyright 1986-2022 Xilinx, Inc. All Rights Reserved. Copyright 2022-2024 Advanced Micro Devices, Inc. All Rights Reserved.
---------------------------------------------------------------------------------------------------------------------------------------------
| Tool Version : Vivado v.2024.2 (lin64) Build 5239630 Fri Nov 08 22:34:34 MST 2024
| Date         : Wed May 13 11:03:06 2026
| Host         : jhnotebook running 64-bit Ubuntu 20.04.4 LTS
| Command      : upgrade_ip
| Device       : xc7z020clg484-1
---------------------------------------------------------------------------------------------------------------------------------------------

Upgrade Log for IP 'layernorm_axi_wrapper_0'

1. Summary
----------

SUCCESS in the upgrade of layernorm_axi_wrapper_0 (xilinx.com:user:layernorm_axi_wrapper:1.0) from (Rev. 4) to (Rev. 5)






Copyright 1986-2022 Xilinx, Inc. All Rights Reserved. Copyright 2022-2024 Advanced Micro Devices, Inc. All Rights Reserved.
---------------------------------------------------------------------------------------------------------------------------------------------
| Tool Version : Vivado v.2024.2 (lin64) Build 5239630 Fri Nov 08 22:34:34 MST 2024
| Date         : Wed May 13 10:43:28 2026
| Host         : jhnotebook running 64-bit Ubuntu 20.04.4 LTS
| Command      : upgrade_ip
| Device       : xc7z020clg484-1
---------------------------------------------------------------------------------------------------------------------------------------------

Upgrade Log for IP 'layernorm_axi_wrapper_0'

1. Summary
----------

SUCCESS in the update of layernorm_axi_wrapper_0 (xilinx.com:user:layernorm_axi_wrapper:1.0 (Rev. 4)) to current project options.






Copyright 1986-2022 Xilinx, Inc. All Rights Reserved. Copyright 2022-2024 Advanced Micro Devices, Inc. All Rights Reserved.
---------------------------------------------------------------------------------------------------------------------------------------------
| Tool Version : Vivado v.2024.2 (lin64) Build 5239630 Fri Nov 08 22:34:34 MST 2024
| Date         : Wed May 13 10:17:48 2026
| Host         : jhnotebook running 64-bit Ubuntu 20.04.4 LTS
| Command      : upgrade_ip
| Device       : xc7z020clg484-1
---------------------------------------------------------------------------------------------------------------------------------------------

Upgrade Log for IP 'layernorm_axi_wrapper_0'

1. Summary
----------

SUCCESS in the update of layernorm_axi_wrapper_0 (xilinx.com:user:layernorm_axi_wrapper:1.0 (Rev. 4)) to current project options.






Copyright 1986-2022 Xilinx, Inc. All Rights Reserved. Copyright 2022-2024 Advanced Micro Devices, Inc. All Rights Reserved.
---------------------------------------------------------------------------------------------------------------------------------------------
| Tool Version : Vivado v.2024.2 (lin64) Build 5239630 Fri Nov 08 22:34:34 MST 2024
| Date         : Wed May 13 10:06:51 2026
| Host         : jhnotebook running 64-bit Ubuntu 20.04.4 LTS
| Command      : upgrade_ip
| Device       : xc7z020clg484-1
---------------------------------------------------------------------------------------------------------------------------------------------

Upgrade Log for IP 'layernorm_axi_wrapper_0'

1. Summary
----------

SUCCESS in the upgrade of layernorm_axi_wrapper_0 (xilinx.com:user:layernorm_axi_wrapper:1.0) from (Rev. 3) to (Rev. 4)

