
*** Running vivado
    with args -log axi_lite_master_vip_0.vds -m64 -product Vivado -mode batch -messageDb vivado.pb -notrace -source axi_lite_master_vip_0.tcl


****** Vivado v2024.2 (64-bit)
  **** SW Build 5239630 on Fri Nov 08 22:34:34 MST 2024
  **** IP Build 5239520 on Sun Nov 10 16:12:51 MST 2024
  **** SharedData Build 5239561 on Fri Nov 08 14:39:27 MST 2024
  **** Start of session at: Wed May 13 10:26:13 2026
    ** Copyright 1986-2022 Xilinx, Inc. All Rights Reserved.
    ** Copyright 2022-2024 Advanced Micro Devices, Inc. All Rights Reserved.

source axi_lite_master_vip_0.tcl -notrace
create_project: Time (s): cpu = 00:00:06 ; elapsed = 00:00:07 . Memory (MB): peak = 1437.559 ; gain = 0.023 ; free physical = 2986 ; free virtual = 6349
INFO: [IP_Flow 19-234] Refreshing IP repositories
INFO: [IP_Flow 19-1700] Loaded user IP repository '/mnt/c/Study/source/2026/Add_Norm_AXI/ADD_NORM_AXI.srcs/layernorm_axi_wrapper_1_0'.
INFO: [IP_Flow 19-2313] Loaded Vivado IP repository '/home/linuxusr/tools/Vivado/2024.2/data/ip'.
INFO: [IP_Flow 19-6924] IPCACHE: Running cache check for IP inst: axi_lite_master_vip_0
Command: synth_design -top axi_lite_master_vip_0 -part xc7z020clg484-1 -incremental_mode off -mode out_of_context
Starting synth_design
Attempting to get a license for feature 'Synthesis' and/or device 'xc7z020'
INFO: [Common 17-349] Got license for feature 'Synthesis' and/or device 'xc7z020'
INFO: [Device 21-403] Loading part xc7z020clg484-1
INFO: [Synth 8-7079] Multithreading enabled for synth_design using a maximum of 7 processes.
INFO: [Synth 8-7078] Launching helper process for spawning children vivado processes
INFO: [Synth 8-7075] Helper process launched with PID 316152
---------------------------------------------------------------------------------
Starting RTL Elaboration : Time (s): cpu = 00:00:06 ; elapsed = 00:00:07 . Memory (MB): peak = 1979.211 ; gain = 420.797 ; free physical = 2271 ; free virtual = 5634
---------------------------------------------------------------------------------
INFO: [Synth 8-6157] synthesizing module 'axi_lite_master_vip_0' [/mnt/c/Study/Source/2026/Add_Norm_AXI/ADD_NORM_AXI.gen/sources_1/ip/axi_lite_master_vip_0/synth/axi_lite_master_vip_0.sv:53]
INFO: [Synth 8-6157] synthesizing module 'axi_vip_v1_1_19_top' [/mnt/c/Study/Source/2026/Add_Norm_AXI/ADD_NORM_AXI.gen/sources_1/ip/axi_lite_master_vip_0/hdl/axi_vip_v1_1_vlsyn_rfs.sv:59]
INFO: [Synth 8-6155] done synthesizing module 'axi_vip_v1_1_19_top' (0#1) [/mnt/c/Study/Source/2026/Add_Norm_AXI/ADD_NORM_AXI.gen/sources_1/ip/axi_lite_master_vip_0/hdl/axi_vip_v1_1_vlsyn_rfs.sv:59]
INFO: [Synth 8-6155] done synthesizing module 'axi_lite_master_vip_0' (0#1) [/mnt/c/Study/Source/2026/Add_Norm_AXI/ADD_NORM_AXI.gen/sources_1/ip/axi_lite_master_vip_0/synth/axi_lite_master_vip_0.sv:53]
WARNING: [Synth 8-7129] Port aclk in module axi_vip_v1_1_19_top is either unconnected or has no load
WARNING: [Synth 8-7129] Port aclken in module axi_vip_v1_1_19_top is either unconnected or has no load
WARNING: [Synth 8-7129] Port aresetn in module axi_vip_v1_1_19_top is either unconnected or has no load
WARNING: [Synth 8-7129] Port s_axi_awid[0] in module axi_vip_v1_1_19_top is either unconnected or has no load
WARNING: [Synth 8-7129] Port s_axi_awaddr[31] in module axi_vip_v1_1_19_top is either unconnected or has no load
WARNING: [Synth 8-7129] Port s_axi_awaddr[30] in module axi_vip_v1_1_19_top is either unconnected or has no load
WARNING: [Synth 8-7129] Port s_axi_awaddr[29] in module axi_vip_v1_1_19_top is either unconnected or has no load
WARNING: [Synth 8-7129] Port s_axi_awaddr[28] in module axi_vip_v1_1_19_top is either unconnected or has no load
WARNING: [Synth 8-7129] Port s_axi_awaddr[27] in module axi_vip_v1_1_19_top is either unconnected or has no load
WARNING: [Synth 8-7129] Port s_axi_awaddr[26] in module axi_vip_v1_1_19_top is either unconnected or has no load
WARNING: [Synth 8-7129] Port s_axi_awaddr[25] in module axi_vip_v1_1_19_top is either unconnected or has no load
WARNING: [Synth 8-7129] Port s_axi_awaddr[24] in module axi_vip_v1_1_19_top is either unconnected or has no load
WARNING: [Synth 8-7129] Port s_axi_awaddr[23] in module axi_vip_v1_1_19_top is either unconnected or has no load
WARNING: [Synth 8-7129] Port s_axi_awaddr[22] in module axi_vip_v1_1_19_top is either unconnected or has no load
WARNING: [Synth 8-7129] Port s_axi_awaddr[21] in module axi_vip_v1_1_19_top is either unconnected or has no load
WARNING: [Synth 8-7129] Port s_axi_awaddr[20] in module axi_vip_v1_1_19_top is either unconnected or has no load
WARNING: [Synth 8-7129] Port s_axi_awaddr[19] in module axi_vip_v1_1_19_top is either unconnected or has no load
WARNING: [Synth 8-7129] Port s_axi_awaddr[18] in module axi_vip_v1_1_19_top is either unconnected or has no load
WARNING: [Synth 8-7129] Port s_axi_awaddr[17] in module axi_vip_v1_1_19_top is either unconnected or has no load
WARNING: [Synth 8-7129] Port s_axi_awaddr[16] in module axi_vip_v1_1_19_top is either unconnected or has no load
WARNING: [Synth 8-7129] Port s_axi_awaddr[15] in module axi_vip_v1_1_19_top is either unconnected or has no load
WARNING: [Synth 8-7129] Port s_axi_awaddr[14] in module axi_vip_v1_1_19_top is either unconnected or has no load
WARNING: [Synth 8-7129] Port s_axi_awaddr[13] in module axi_vip_v1_1_19_top is either unconnected or has no load
WARNING: [Synth 8-7129] Port s_axi_awaddr[12] in module axi_vip_v1_1_19_top is either unconnected or has no load
WARNING: [Synth 8-7129] Port s_axi_awaddr[11] in module axi_vip_v1_1_19_top is either unconnected or has no load
WARNING: [Synth 8-7129] Port s_axi_awaddr[10] in module axi_vip_v1_1_19_top is either unconnected or has no load
WARNING: [Synth 8-7129] Port s_axi_awaddr[9] in module axi_vip_v1_1_19_top is either unconnected or has no load
WARNING: [Synth 8-7129] Port s_axi_awaddr[8] in module axi_vip_v1_1_19_top is either unconnected or has no load
WARNING: [Synth 8-7129] Port s_axi_awaddr[7] in module axi_vip_v1_1_19_top is either unconnected or has no load
WARNING: [Synth 8-7129] Port s_axi_awaddr[6] in module axi_vip_v1_1_19_top is either unconnected or has no load
WARNING: [Synth 8-7129] Port s_axi_awaddr[5] in module axi_vip_v1_1_19_top is either unconnected or has no load
WARNING: [Synth 8-7129] Port s_axi_awaddr[4] in module axi_vip_v1_1_19_top is either unconnected or has no load
WARNING: [Synth 8-7129] Port s_axi_awaddr[3] in module axi_vip_v1_1_19_top is either unconnected or has no load
WARNING: [Synth 8-7129] Port s_axi_awaddr[2] in module axi_vip_v1_1_19_top is either unconnected or has no load
WARNING: [Synth 8-7129] Port s_axi_awaddr[1] in module axi_vip_v1_1_19_top is either unconnected or has no load
WARNING: [Synth 8-7129] Port s_axi_awaddr[0] in module axi_vip_v1_1_19_top is either unconnected or has no load
WARNING: [Synth 8-7129] Port s_axi_awlen[7] in module axi_vip_v1_1_19_top is either unconnected or has no load
WARNING: [Synth 8-7129] Port s_axi_awlen[6] in module axi_vip_v1_1_19_top is either unconnected or has no load
WARNING: [Synth 8-7129] Port s_axi_awlen[5] in module axi_vip_v1_1_19_top is either unconnected or has no load
WARNING: [Synth 8-7129] Port s_axi_awlen[4] in module axi_vip_v1_1_19_top is either unconnected or has no load
WARNING: [Synth 8-7129] Port s_axi_awlen[3] in module axi_vip_v1_1_19_top is either unconnected or has no load
WARNING: [Synth 8-7129] Port s_axi_awlen[2] in module axi_vip_v1_1_19_top is either unconnected or has no load
WARNING: [Synth 8-7129] Port s_axi_awlen[1] in module axi_vip_v1_1_19_top is either unconnected or has no load
WARNING: [Synth 8-7129] Port s_axi_awlen[0] in module axi_vip_v1_1_19_top is either unconnected or has no load
WARNING: [Synth 8-7129] Port s_axi_awsize[2] in module axi_vip_v1_1_19_top is either unconnected or has no load
WARNING: [Synth 8-7129] Port s_axi_awsize[1] in module axi_vip_v1_1_19_top is either unconnected or has no load
WARNING: [Synth 8-7129] Port s_axi_awsize[0] in module axi_vip_v1_1_19_top is either unconnected or has no load
WARNING: [Synth 8-7129] Port s_axi_awburst[1] in module axi_vip_v1_1_19_top is either unconnected or has no load
WARNING: [Synth 8-7129] Port s_axi_awburst[0] in module axi_vip_v1_1_19_top is either unconnected or has no load
WARNING: [Synth 8-7129] Port s_axi_awlock[0] in module axi_vip_v1_1_19_top is either unconnected or has no load
WARNING: [Synth 8-7129] Port s_axi_awcache[3] in module axi_vip_v1_1_19_top is either unconnected or has no load
WARNING: [Synth 8-7129] Port s_axi_awcache[2] in module axi_vip_v1_1_19_top is either unconnected or has no load
WARNING: [Synth 8-7129] Port s_axi_awcache[1] in module axi_vip_v1_1_19_top is either unconnected or has no load
WARNING: [Synth 8-7129] Port s_axi_awcache[0] in module axi_vip_v1_1_19_top is either unconnected or has no load
WARNING: [Synth 8-7129] Port s_axi_awprot[2] in module axi_vip_v1_1_19_top is either unconnected or has no load
WARNING: [Synth 8-7129] Port s_axi_awprot[1] in module axi_vip_v1_1_19_top is either unconnected or has no load
WARNING: [Synth 8-7129] Port s_axi_awprot[0] in module axi_vip_v1_1_19_top is either unconnected or has no load
WARNING: [Synth 8-7129] Port s_axi_awregion[3] in module axi_vip_v1_1_19_top is either unconnected or has no load
WARNING: [Synth 8-7129] Port s_axi_awregion[2] in module axi_vip_v1_1_19_top is either unconnected or has no load
WARNING: [Synth 8-7129] Port s_axi_awregion[1] in module axi_vip_v1_1_19_top is either unconnected or has no load
WARNING: [Synth 8-7129] Port s_axi_awregion[0] in module axi_vip_v1_1_19_top is either unconnected or has no load
WARNING: [Synth 8-7129] Port s_axi_awqos[3] in module axi_vip_v1_1_19_top is either unconnected or has no load
WARNING: [Synth 8-7129] Port s_axi_awqos[2] in module axi_vip_v1_1_19_top is either unconnected or has no load
WARNING: [Synth 8-7129] Port s_axi_awqos[1] in module axi_vip_v1_1_19_top is either unconnected or has no load
WARNING: [Synth 8-7129] Port s_axi_awqos[0] in module axi_vip_v1_1_19_top is either unconnected or has no load
WARNING: [Synth 8-7129] Port s_axi_awuser[0] in module axi_vip_v1_1_19_top is either unconnected or has no load
WARNING: [Synth 8-7129] Port s_axi_awvalid in module axi_vip_v1_1_19_top is either unconnected or has no load
WARNING: [Synth 8-7129] Port s_axi_wid[0] in module axi_vip_v1_1_19_top is either unconnected or has no load
WARNING: [Synth 8-7129] Port s_axi_wdata[31] in module axi_vip_v1_1_19_top is either unconnected or has no load
WARNING: [Synth 8-7129] Port s_axi_wdata[30] in module axi_vip_v1_1_19_top is either unconnected or has no load
WARNING: [Synth 8-7129] Port s_axi_wdata[29] in module axi_vip_v1_1_19_top is either unconnected or has no load
WARNING: [Synth 8-7129] Port s_axi_wdata[28] in module axi_vip_v1_1_19_top is either unconnected or has no load
WARNING: [Synth 8-7129] Port s_axi_wdata[27] in module axi_vip_v1_1_19_top is either unconnected or has no load
WARNING: [Synth 8-7129] Port s_axi_wdata[26] in module axi_vip_v1_1_19_top is either unconnected or has no load
WARNING: [Synth 8-7129] Port s_axi_wdata[25] in module axi_vip_v1_1_19_top is either unconnected or has no load
WARNING: [Synth 8-7129] Port s_axi_wdata[24] in module axi_vip_v1_1_19_top is either unconnected or has no load
WARNING: [Synth 8-7129] Port s_axi_wdata[23] in module axi_vip_v1_1_19_top is either unconnected or has no load
WARNING: [Synth 8-7129] Port s_axi_wdata[22] in module axi_vip_v1_1_19_top is either unconnected or has no load
WARNING: [Synth 8-7129] Port s_axi_wdata[21] in module axi_vip_v1_1_19_top is either unconnected or has no load
WARNING: [Synth 8-7129] Port s_axi_wdata[20] in module axi_vip_v1_1_19_top is either unconnected or has no load
WARNING: [Synth 8-7129] Port s_axi_wdata[19] in module axi_vip_v1_1_19_top is either unconnected or has no load
WARNING: [Synth 8-7129] Port s_axi_wdata[18] in module axi_vip_v1_1_19_top is either unconnected or has no load
WARNING: [Synth 8-7129] Port s_axi_wdata[17] in module axi_vip_v1_1_19_top is either unconnected or has no load
WARNING: [Synth 8-7129] Port s_axi_wdata[16] in module axi_vip_v1_1_19_top is either unconnected or has no load
WARNING: [Synth 8-7129] Port s_axi_wdata[15] in module axi_vip_v1_1_19_top is either unconnected or has no load
WARNING: [Synth 8-7129] Port s_axi_wdata[14] in module axi_vip_v1_1_19_top is either unconnected or has no load
WARNING: [Synth 8-7129] Port s_axi_wdata[13] in module axi_vip_v1_1_19_top is either unconnected or has no load
WARNING: [Synth 8-7129] Port s_axi_wdata[12] in module axi_vip_v1_1_19_top is either unconnected or has no load
WARNING: [Synth 8-7129] Port s_axi_wdata[11] in module axi_vip_v1_1_19_top is either unconnected or has no load
WARNING: [Synth 8-7129] Port s_axi_wdata[10] in module axi_vip_v1_1_19_top is either unconnected or has no load
WARNING: [Synth 8-7129] Port s_axi_wdata[9] in module axi_vip_v1_1_19_top is either unconnected or has no load
WARNING: [Synth 8-7129] Port s_axi_wdata[8] in module axi_vip_v1_1_19_top is either unconnected or has no load
WARNING: [Synth 8-7129] Port s_axi_wdata[7] in module axi_vip_v1_1_19_top is either unconnected or has no load
WARNING: [Synth 8-7129] Port s_axi_wdata[6] in module axi_vip_v1_1_19_top is either unconnected or has no load
WARNING: [Synth 8-7129] Port s_axi_wdata[5] in module axi_vip_v1_1_19_top is either unconnected or has no load
WARNING: [Synth 8-7129] Port s_axi_wdata[4] in module axi_vip_v1_1_19_top is either unconnected or has no load
WARNING: [Synth 8-7129] Port s_axi_wdata[3] in module axi_vip_v1_1_19_top is either unconnected or has no load
WARNING: [Synth 8-7129] Port s_axi_wdata[2] in module axi_vip_v1_1_19_top is either unconnected or has no load
WARNING: [Synth 8-7129] Port s_axi_wdata[1] in module axi_vip_v1_1_19_top is either unconnected or has no load
WARNING: [Synth 8-7129] Port s_axi_wdata[0] in module axi_vip_v1_1_19_top is either unconnected or has no load
INFO: [Common 17-14] Message 'Synth 8-7129' appears 100 times and further instances of the messages will be disabled. Use the Tcl command set_msg_config to change the current settings.
---------------------------------------------------------------------------------
Finished RTL Elaboration : Time (s): cpu = 00:00:09 ; elapsed = 00:00:12 . Memory (MB): peak = 2053.148 ; gain = 494.734 ; free physical = 2183 ; free virtual = 5547
---------------------------------------------------------------------------------
---------------------------------------------------------------------------------
Start Handling Custom Attributes
---------------------------------------------------------------------------------
---------------------------------------------------------------------------------
Finished Handling Custom Attributes : Time (s): cpu = 00:00:09 ; elapsed = 00:00:12 . Memory (MB): peak = 2070.961 ; gain = 512.547 ; free physical = 2173 ; free virtual = 5537
---------------------------------------------------------------------------------
---------------------------------------------------------------------------------
Finished RTL Optimization Phase 1 : Time (s): cpu = 00:00:09 ; elapsed = 00:00:12 . Memory (MB): peak = 2070.961 ; gain = 512.547 ; free physical = 2173 ; free virtual = 5537
---------------------------------------------------------------------------------
Netlist sorting complete. Time (s): cpu = 00:00:00 ; elapsed = 00:00:00.01 . Memory (MB): peak = 2070.961 ; gain = 0.000 ; free physical = 2173 ; free virtual = 5537
INFO: [Project 1-570] Preparing netlist for logic optimization

Processing XDC Constraints
Initializing timing engine
WARNING: [Designutils 20-1758] instance inst wraps a black box. Constraint reading is skipped for elaborated designs in this case. Skipping constraint file '/mnt/c/Study/Source/2026/Add_Norm_AXI/ADD_NORM_AXI.gen/sources_1/ip/axi_lite_master_vip_0/axi_lite_master_vip_0_ooc.xdc'.
Parsing XDC File [/mnt/c/Study/Source/2026/Add_Norm_AXI/ADD_NORM_AXI.runs/axi_lite_master_vip_0_synth_1/dont_touch.xdc]
Finished Parsing XDC File [/mnt/c/Study/Source/2026/Add_Norm_AXI/ADD_NORM_AXI.runs/axi_lite_master_vip_0_synth_1/dont_touch.xdc]
Completed Processing XDC Constraints

Netlist sorting complete. Time (s): cpu = 00:00:00 ; elapsed = 00:00:00 . Memory (MB): peak = 2143.898 ; gain = 0.000 ; free physical = 2163 ; free virtual = 5526
INFO: [Project 1-111] Unisim Transformation Summary:
No Unisim elements were transformed.

Constraint Validation Runtime : Time (s): cpu = 00:00:00.01 ; elapsed = 00:00:00.09 . Memory (MB): peak = 2143.898 ; gain = 0.000 ; free physical = 2161 ; free virtual = 5525
INFO: [Designutils 20-5008] Incremental synthesis strategy off
---------------------------------------------------------------------------------
Finished Constraint Validation : Time (s): cpu = 00:00:20 ; elapsed = 00:00:24 . Memory (MB): peak = 2143.898 ; gain = 585.484 ; free physical = 2173 ; free virtual = 5537
---------------------------------------------------------------------------------
---------------------------------------------------------------------------------
Start Loading Part and Timing Information
---------------------------------------------------------------------------------
Loading part: xc7z020clg484-1
---------------------------------------------------------------------------------
Finished Loading Part and Timing Information : Time (s): cpu = 00:00:20 ; elapsed = 00:00:24 . Memory (MB): peak = 2151.902 ; gain = 593.488 ; free physical = 2173 ; free virtual = 5537
---------------------------------------------------------------------------------
---------------------------------------------------------------------------------
Start Applying 'set_property' XDC Constraints
---------------------------------------------------------------------------------
Applied set_property KEEP_HIERARCHY = SOFT for inst. (constraint file  /mnt/c/Study/Source/2026/Add_Norm_AXI/ADD_NORM_AXI.runs/axi_lite_master_vip_0_synth_1/dont_touch.xdc, line 9).
---------------------------------------------------------------------------------
Finished applying 'set_property' XDC Constraints : Time (s): cpu = 00:00:20 ; elapsed = 00:00:24 . Memory (MB): peak = 2151.902 ; gain = 593.488 ; free physical = 2173 ; free virtual = 5536
---------------------------------------------------------------------------------
---------------------------------------------------------------------------------
Finished RTL Optimization Phase 2 : Time (s): cpu = 00:00:20 ; elapsed = 00:00:25 . Memory (MB): peak = 2151.902 ; gain = 593.488 ; free physical = 2174 ; free virtual = 5537
---------------------------------------------------------------------------------
---------------------------------------------------------------------------------
Start RTL Component Statistics 
---------------------------------------------------------------------------------
Detailed RTL Component Info : 
---------------------------------------------------------------------------------
Finished RTL Component Statistics 
---------------------------------------------------------------------------------
---------------------------------------------------------------------------------
Start Part Resource Summary
---------------------------------------------------------------------------------
Part Resources:
DSPs: 220 (col length:60)
BRAMs: 280 (col length: RAMB18 60 RAMB36 30)
---------------------------------------------------------------------------------
Finished Part Resource Summary
---------------------------------------------------------------------------------
---------------------------------------------------------------------------------
Start Cross Boundary and Area Optimization
---------------------------------------------------------------------------------
WARNING: [Synth 8-7080] Parallel synthesis criteria is not met
---------------------------------------------------------------------------------
Finished Cross Boundary and Area Optimization : Time (s): cpu = 00:00:22 ; elapsed = 00:00:28 . Memory (MB): peak = 2151.902 ; gain = 593.488 ; free physical = 2172 ; free virtual = 5535
---------------------------------------------------------------------------------
---------------------------------------------------------------------------------
Start Applying XDC Timing Constraints
---------------------------------------------------------------------------------
---------------------------------------------------------------------------------
Finished Applying XDC Timing Constraints : Time (s): cpu = 00:00:31 ; elapsed = 00:00:37 . Memory (MB): peak = 2223.902 ; gain = 665.488 ; free physical = 2138 ; free virtual = 5502
---------------------------------------------------------------------------------
---------------------------------------------------------------------------------
Start Timing Optimization
---------------------------------------------------------------------------------
---------------------------------------------------------------------------------
Finished Timing Optimization : Time (s): cpu = 00:00:31 ; elapsed = 00:00:37 . Memory (MB): peak = 2223.902 ; gain = 665.488 ; free physical = 2138 ; free virtual = 5502
---------------------------------------------------------------------------------
---------------------------------------------------------------------------------
Start Technology Mapping
---------------------------------------------------------------------------------
---------------------------------------------------------------------------------
Finished Technology Mapping : Time (s): cpu = 00:00:31 ; elapsed = 00:00:37 . Memory (MB): peak = 2232.918 ; gain = 674.504 ; free physical = 2132 ; free virtual = 5496
---------------------------------------------------------------------------------
---------------------------------------------------------------------------------
Start IO Insertion
---------------------------------------------------------------------------------
---------------------------------------------------------------------------------
Start Flattening Before IO Insertion
---------------------------------------------------------------------------------
---------------------------------------------------------------------------------
Finished Flattening Before IO Insertion
---------------------------------------------------------------------------------
---------------------------------------------------------------------------------
Start Final Netlist Cleanup
---------------------------------------------------------------------------------
---------------------------------------------------------------------------------
Finished Final Netlist Cleanup
---------------------------------------------------------------------------------
---------------------------------------------------------------------------------
Finished IO Insertion : Time (s): cpu = 00:00:34 ; elapsed = 00:00:40 . Memory (MB): peak = 2402.730 ; gain = 844.316 ; free physical = 1983 ; free virtual = 5347
---------------------------------------------------------------------------------
---------------------------------------------------------------------------------
Start Renaming Generated Instances
---------------------------------------------------------------------------------
---------------------------------------------------------------------------------
Finished Renaming Generated Instances : Time (s): cpu = 00:00:34 ; elapsed = 00:00:40 . Memory (MB): peak = 2402.730 ; gain = 844.316 ; free physical = 1983 ; free virtual = 5347
---------------------------------------------------------------------------------
---------------------------------------------------------------------------------
Start Rebuilding User Hierarchy
---------------------------------------------------------------------------------
---------------------------------------------------------------------------------
Finished Rebuilding User Hierarchy : Time (s): cpu = 00:00:34 ; elapsed = 00:00:40 . Memory (MB): peak = 2402.730 ; gain = 844.316 ; free physical = 1983 ; free virtual = 5347
---------------------------------------------------------------------------------
---------------------------------------------------------------------------------
Start Renaming Generated Ports
---------------------------------------------------------------------------------
---------------------------------------------------------------------------------
Finished Renaming Generated Ports : Time (s): cpu = 00:00:34 ; elapsed = 00:00:40 . Memory (MB): peak = 2402.730 ; gain = 844.316 ; free physical = 1983 ; free virtual = 5347
---------------------------------------------------------------------------------
---------------------------------------------------------------------------------
Start Handling Custom Attributes
---------------------------------------------------------------------------------
---------------------------------------------------------------------------------
Finished Handling Custom Attributes : Time (s): cpu = 00:00:34 ; elapsed = 00:00:40 . Memory (MB): peak = 2402.730 ; gain = 844.316 ; free physical = 1983 ; free virtual = 5347
---------------------------------------------------------------------------------
---------------------------------------------------------------------------------
Start Renaming Generated Nets
---------------------------------------------------------------------------------
---------------------------------------------------------------------------------
Finished Renaming Generated Nets : Time (s): cpu = 00:00:34 ; elapsed = 00:00:40 . Memory (MB): peak = 2402.730 ; gain = 844.316 ; free physical = 1983 ; free virtual = 5347
---------------------------------------------------------------------------------
---------------------------------------------------------------------------------
Start Writing Synthesis Report
---------------------------------------------------------------------------------

Report BlackBoxes: 
+-+--------------+----------+
| |BlackBox name |Instances |
+-+--------------+----------+
+-+--------------+----------+

Report Cell Usage: 
+-+-----+------+
| |Cell |Count |
+-+-----+------+
+-+-----+------+
---------------------------------------------------------------------------------
Finished Writing Synthesis Report : Time (s): cpu = 00:00:34 ; elapsed = 00:00:40 . Memory (MB): peak = 2402.730 ; gain = 844.316 ; free physical = 1982 ; free virtual = 5346
---------------------------------------------------------------------------------
Synthesis finished with 0 errors, 0 critical warnings and 220 warnings.
Synthesis Optimization Runtime : Time (s): cpu = 00:00:31 ; elapsed = 00:00:37 . Memory (MB): peak = 2402.730 ; gain = 771.379 ; free physical = 1982 ; free virtual = 5346
Synthesis Optimization Complete : Time (s): cpu = 00:00:34 ; elapsed = 00:00:41 . Memory (MB): peak = 2402.738 ; gain = 844.316 ; free physical = 1982 ; free virtual = 5346
INFO: [Project 1-571] Translating synthesized netlist
Netlist sorting complete. Time (s): cpu = 00:00:00 ; elapsed = 00:00:00 . Memory (MB): peak = 2402.738 ; gain = 0.000 ; free physical = 2143 ; free virtual = 5507
INFO: [Project 1-570] Preparing netlist for logic optimization
INFO: [Opt 31-138] Pushed 0 inverter(s) to 0 load pin(s).
Netlist sorting complete. Time (s): cpu = 00:00:00 ; elapsed = 00:00:00 . Memory (MB): peak = 2402.738 ; gain = 0.000 ; free physical = 2145 ; free virtual = 5509
INFO: [Project 1-111] Unisim Transformation Summary:
No Unisim elements were transformed.

Synth Design complete | Checksum: 3b934f44
INFO: [Common 17-83] Releasing license: Synthesis
22 Infos, 102 Warnings, 0 Critical Warnings and 0 Errors encountered.
synth_design completed successfully
synth_design: Time (s): cpu = 00:00:45 ; elapsed = 00:00:51 . Memory (MB): peak = 2402.738 ; gain = 965.180 ; free physical = 2145 ; free virtual = 5509
INFO: [Common 17-2834] synth_design peak Physical Memory [PSS] (MB): overall = 1821.104; main = 1618.224; forked = 271.169
INFO: [Common 17-2834] synth_design peak Virtual Memory [VSS] (MB): overall = 3287.895; main = 2402.730; forked = 910.977
INFO: [Common 17-1381] The checkpoint '/mnt/c/Study/Source/2026/Add_Norm_AXI/ADD_NORM_AXI.runs/axi_lite_master_vip_0_synth_1/axi_lite_master_vip_0.dcp' has been generated.
INFO: [Coretcl 2-1648] Added synthesis output to IP cache for IP axi_lite_master_vip_0, cache-ID = 47222a2230ad2ba1
INFO: [Common 17-1381] The checkpoint '/mnt/c/Study/Source/2026/Add_Norm_AXI/ADD_NORM_AXI.runs/axi_lite_master_vip_0_synth_1/axi_lite_master_vip_0.dcp' has been generated.
INFO: [Vivado 12-24828] Executing command : report_utilization -file axi_lite_master_vip_0_utilization_synth.rpt -pb axi_lite_master_vip_0_utilization_synth.pb
INFO: [Common 17-206] Exiting Vivado at Wed May 13 10:37:42 2026...
