Copyright 1986-2021 Xilinx, Inc. All Rights Reserved.
-------------------------------------------------------------------------------------------------------------------------------
| Tool Version : Vivado v.2021.1 (lin64) Build 3247384 Thu Jun 10 19:36:07 MDT 2021
| Date         : Wed May 20 18:46:50 2026
| Host         : esoc-System-Product-Name running 64-bit Ubuntu 20.04.6 LTS
| Command      : report_utilization -file ps_dma_ip_wrapper_utilization_placed.rpt -pb ps_dma_ip_wrapper_utilization_placed.pb
| Design       : ps_dma_ip_wrapper
| Device       : xczu28drffvg1517-2
| Design State : Fully Placed
-------------------------------------------------------------------------------------------------------------------------------

Utilization Design Information

Table of Contents
-----------------
1. CLB Logic
1.1 Summary of Registers by Type
2. CLB Logic Distribution
3. BLOCKRAM
4. ARITHMETIC
5. I/O
6. CLOCK
7. ADVANCED
8. CONFIGURATION
9. Primitives
10. Black Boxes
11. Instantiated Netlists

1. CLB Logic
------------

+----------------------------+-------+-------+------------+-----------+-------+
|          Site Type         |  Used | Fixed | Prohibited | Available | Util% |
+----------------------------+-------+-------+------------+-----------+-------+
| CLB LUTs                   | 11115 |     0 |          0 |    425280 |  2.61 |
|   LUT as Logic             | 10363 |     0 |          0 |    425280 |  2.44 |
|   LUT as Memory            |   752 |     0 |          0 |    213600 |  0.35 |
|     LUT as Distributed RAM |   622 |     0 |            |           |       |
|     LUT as Shift Register  |   130 |     0 |            |           |       |
| CLB Registers              | 10185 |     0 |          0 |    850560 |  1.20 |
|   Register as Flip Flop    | 10185 |     0 |          0 |    850560 |  1.20 |
|   Register as Latch        |     0 |     0 |          0 |    850560 |  0.00 |
| CARRY8                     |   532 |     0 |          0 |     53160 |  1.00 |
| F7 Muxes                   |     0 |     0 |          0 |    212640 |  0.00 |
| F8 Muxes                   |     0 |     0 |          0 |    106320 |  0.00 |
| F9 Muxes                   |     0 |     0 |          0 |     53160 |  0.00 |
+----------------------------+-------+-------+------------+-----------+-------+


1.1 Summary of Registers by Type
--------------------------------

+-------+--------------+-------------+--------------+
| Total | Clock Enable | Synchronous | Asynchronous |
+-------+--------------+-------------+--------------+
| 0     |            _ |           - |            - |
| 0     |            _ |           - |          Set |
| 0     |            _ |           - |        Reset |
| 0     |            _ |         Set |            - |
| 0     |            _ |       Reset |            - |
| 0     |          Yes |           - |            - |
| 0     |          Yes |           - |          Set |
| 150   |          Yes |           - |        Reset |
| 466   |          Yes |         Set |            - |
| 9569  |          Yes |       Reset |            - |
+-------+--------------+-------------+--------------+


2. CLB Logic Distribution
-------------------------

+--------------------------------------------+-------+-------+------------+-----------+-------+
|                  Site Type                 |  Used | Fixed | Prohibited | Available | Util% |
+--------------------------------------------+-------+-------+------------+-----------+-------+
| CLB                                        |  2249 |     0 |          0 |     53160 |  4.23 |
|   CLBL                                     |  1017 |     0 |            |           |       |
|   CLBM                                     |  1232 |     0 |            |           |       |
| LUT as Logic                               | 10363 |     0 |          0 |    425280 |  2.44 |
|   using O5 output only                     |   288 |       |            |           |       |
|   using O6 output only                     |  6567 |       |            |           |       |
|   using O5 and O6                          |  3508 |       |            |           |       |
| LUT as Memory                              |   752 |     0 |          0 |    213600 |  0.35 |
|   LUT as Distributed RAM                   |   622 |     0 |            |           |       |
|     using O5 output only                   |     0 |       |            |           |       |
|     using O6 output only                   |     6 |       |            |           |       |
|     using O5 and O6                        |   616 |       |            |           |       |
|   LUT as Shift Register                    |   130 |     0 |            |           |       |
|     using O5 output only                   |     0 |       |            |           |       |
|     using O6 output only                   |    66 |       |            |           |       |
|     using O5 and O6                        |    64 |       |            |           |       |
| CLB Registers                              | 10185 |     0 |          0 |    850560 |  1.20 |
|   Register driven from within the CLB      |  5682 |       |            |           |       |
|   Register driven from outside the CLB     |  4503 |       |            |           |       |
|     LUT in front of the register is unused |  3205 |       |            |           |       |
|     LUT in front of the register is used   |  1298 |       |            |           |       |
| Unique Control Sets                        |   638 |       |          0 |    106320 |  0.60 |
+--------------------------------------------+-------+-------+------------+-----------+-------+
* * Note: Available Control Sets calculated as Slices * 2, Review the Control Sets Report for more information regarding control sets.


3. BLOCKRAM
-----------

+-------------------+------+-------+------------+-----------+-------+
|     Site Type     | Used | Fixed | Prohibited | Available | Util% |
+-------------------+------+-------+------------+-----------+-------+
| Block RAM Tile    |    5 |     0 |          0 |      1080 |  0.46 |
|   RAMB36/FIFO*    |    4 |     0 |          0 |      1080 |  0.37 |
|     RAMB36E2 only |    4 |       |            |           |       |
|   RAMB18          |    2 |     0 |          0 |      2160 |  0.09 |
|     RAMB18E2 only |    2 |       |            |           |       |
| URAM              |    0 |     0 |          0 |        80 |  0.00 |
+-------------------+------+-------+------------+-----------+-------+
* Note: Each Block RAM Tile only has one FIFO logic available and therefore can accommodate only one FIFO36E2 or one FIFO18E2. However, if a FIFO18E2 occupies a Block RAM Tile, that tile can still accommodate a RAMB18E2


4. ARITHMETIC
-------------

+----------------+------+-------+------------+-----------+-------+
|    Site Type   | Used | Fixed | Prohibited | Available | Util% |
+----------------+------+-------+------------+-----------+-------+
| DSPs           |   56 |     0 |          0 |      4272 |  1.31 |
|   DSP48E2 only |   56 |       |            |           |       |
+----------------+------+-------+------------+-----------+-------+


5. I/O
------

+------------------+------+-------+------------+-----------+-------+
|     Site Type    | Used | Fixed | Prohibited | Available | Util% |
+------------------+------+-------+------------+-----------+-------+
| Bonded IOB       |    0 |     0 |          0 |       347 |  0.00 |
| HPIOB_M          |    0 |     0 |          0 |       138 |  0.00 |
| HPIOB_S          |    0 |     0 |          0 |       138 |  0.00 |
| HDIOB_M          |    0 |     0 |          0 |        24 |  0.00 |
| HDIOB_S          |    0 |     0 |          0 |        24 |  0.00 |
| HPIOB_SNGL       |    0 |     0 |          0 |        23 |  0.00 |
| HPIOBDIFFINBUF   |    0 |     0 |          0 |       192 |  0.00 |
| HPIOBDIFFOUTBUF  |    0 |     0 |          0 |       192 |  0.00 |
| HDIOBDIFFINBUF   |    0 |     0 |          0 |        72 |  0.00 |
| BITSLICE_CONTROL |    0 |     0 |          0 |        64 |  0.00 |
| BITSLICE_RX_TX   |    0 |     0 |          0 |      2496 |  0.00 |
| BITSLICE_TX      |    0 |     0 |          0 |        64 |  0.00 |
| RIU_OR           |    0 |     0 |          0 |        32 |  0.00 |
| HS_ADC           |    0 |     0 |          4 |         4 |  0.00 |
| HS_DAC           |    0 |     0 |          4 |         4 |  0.00 |
+------------------+------+-------+------------+-----------+-------+


6. CLOCK
--------

+----------------------+------+-------+------------+-----------+-------+
|       Site Type      | Used | Fixed | Prohibited | Available | Util% |
+----------------------+------+-------+------------+-----------+-------+
| GLOBAL CLOCK BUFFERs |    1 |     0 |          0 |       696 |  0.14 |
|   BUFGCE             |    0 |     0 |          0 |       216 |  0.00 |
|   BUFGCE_DIV         |    0 |     0 |          0 |        32 |  0.00 |
|   BUFG_GT            |    0 |     0 |          0 |       312 |  0.00 |
|   BUFG_PS            |    1 |     0 |          0 |        72 |  1.39 |
|   BUFGCTRL*          |    0 |     0 |          0 |        64 |  0.00 |
| PLL                  |    0 |     0 |          0 |        16 |  0.00 |
| MMCM                 |    0 |     0 |          0 |         8 |  0.00 |
+----------------------+------+-------+------------+-----------+-------+
* Note: Each used BUFGCTRL counts as two GLOBAL CLOCK BUFFERs. This table does not include global clocking resources, only buffer cell usage. See the Clock Utilization Report (report_clock_utilization) for detailed accounting of global clocking resource availability.


7. ADVANCED
-----------

+-----------------+------+-------+------------+-----------+--------+
|    Site Type    | Used | Fixed | Prohibited | Available |  Util% |
+-----------------+------+-------+------------+-----------+--------+
| CMACE4          |    0 |     0 |          0 |         2 |   0.00 |
| FE              |    0 |     0 |          0 |         8 |   0.00 |
| GTYE4_CHANNEL   |    0 |     0 |          0 |        16 |   0.00 |
| GTYE4_COMMON    |    0 |     0 |          0 |         4 |   0.00 |
| HSADC           |    0 |     0 |          0 |         4 |   0.00 |
| HSDAC           |    0 |     0 |          0 |         4 |   0.00 |
| ILKNE4          |    0 |     0 |          0 |         1 |   0.00 |
| OBUFDS_GTE4     |    0 |     0 |          0 |         8 |   0.00 |
| OBUFDS_GTE4_ADV |    0 |     0 |          0 |         8 |   0.00 |
| PCIE40E4        |    0 |     0 |          0 |         2 |   0.00 |
| PS8             |    1 |     0 |          0 |         1 | 100.00 |
| SYSMONE4        |    0 |     0 |          0 |         1 |   0.00 |
+-----------------+------+-------+------------+-----------+--------+


8. CONFIGURATION
----------------

+-------------+------+-------+------------+-----------+-------+
|  Site Type  | Used | Fixed | Prohibited | Available | Util% |
+-------------+------+-------+------------+-----------+-------+
| BSCANE2     |    0 |     0 |          0 |         4 |  0.00 |
| DNA_PORTE2  |    0 |     0 |          0 |         1 |  0.00 |
| EFUSE_USR   |    0 |     0 |          0 |         1 |  0.00 |
| FRAME_ECCE4 |    0 |     0 |          0 |         1 |  0.00 |
| ICAPE3      |    0 |     0 |          0 |         2 |  0.00 |
| MASTER_JTAG |    0 |     0 |          0 |         1 |  0.00 |
| STARTUPE3   |    0 |     0 |          0 |         1 |  0.00 |
+-------------+------+-------+------------+-----------+-------+


9. Primitives
-------------

+----------+------+---------------------+
| Ref Name | Used | Functional Category |
+----------+------+---------------------+
| FDRE     | 9569 |            Register |
| LUT2     | 5570 |                 CLB |
| LUT6     | 2681 |                 CLB |
| LUT3     | 2677 |                 CLB |
| LUT5     | 1426 |                 CLB |
| LUT4     | 1249 |                 CLB |
| RAMD32   | 1084 |                 CLB |
| CARRY8   |  532 |                 CLB |
| FDSE     |  466 |            Register |
| LUT1     |  268 |                 CLB |
| SRL16E   |  194 |                 CLB |
| RAMS32   |  154 |                 CLB |
| FDCE     |  150 |            Register |
| DSP48E2  |   56 |          Arithmetic |
| RAMB36E2 |    4 |            BLOCKRAM |
| RAMB18E2 |    2 |            BLOCKRAM |
| PS8      |    1 |            Advanced |
| BUFG_PS  |    1 |               Clock |
+----------+------+---------------------+


10. Black Boxes
---------------

+----------+------+
| Ref Name | Used |
+----------+------+


11. Instantiated Netlists
-------------------------

+-------------------------------------+------+
|               Ref Name              | Used |
+-------------------------------------+------+
| ps_dma_ip_zynq_ultra_ps_e_0_0       |    1 |
| ps_dma_ip_smartconnect_0_0          |    1 |
| ps_dma_ip_rst_ps8_0_96M_0           |    1 |
| ps_dma_ip_layernorm_axi_wrapper_0_0 |    1 |
| ps_dma_ip_axi_smc_0                 |    1 |
| ps_dma_ip_axi_dma_0_0               |    1 |
+-------------------------------------+------+


