Copyright 1986-2021 Xilinx, Inc. All Rights Reserved.
-------------------------------------------------------------------------------------------------------------------------------------------------------------------------
| Tool Version     : Vivado v.2021.1 (lin64) Build 3247384 Thu Jun 10 19:36:07 MDT 2021
| Date             : Wed May 20 18:47:54 2026
| Host             : esoc-System-Product-Name running 64-bit Ubuntu 20.04.6 LTS
| Command          : report_power -file ps_dma_ip_wrapper_power_routed.rpt -pb ps_dma_ip_wrapper_power_summary_routed.pb -rpx ps_dma_ip_wrapper_power_routed.rpx
| Design           : ps_dma_ip_wrapper
| Device           : xczu28dr-ffvg1517-2-e
| Design State     : routed
| Grade            : extended
| Process          : typical
| Characterization : Production
-------------------------------------------------------------------------------------------------------------------------------------------------------------------------

Power Report

Table of Contents
-----------------
1. Summary
1.1 On-Chip Components
1.2 Power Supply Summary
1.3 Confidence Level
2. Settings
2.1 Environment
2.2 Clock Constraints
3. Detailed Reports
3.1 By Hierarchy

1. Summary
----------

+--------------------------+--------------+
| Total On-Chip Power (W)  | 3.576        |
| Design Power Budget (W)  | Unspecified* |
| Power Budget Margin (W)  | NA           |
| Dynamic (W)              | 2.386        |
| Device Static (W)        | 1.190        |
| Effective TJA (C/W)      | 0.8          |
| Max Ambient (C)          | 97.0         |
| Junction Temperature (C) | 28.0         |
| Confidence Level         | Medium       |
| Setting File             | ---          |
| Simulation Activity File | ---          |
| Design Nets Matched      | NA           |
+--------------------------+--------------+
* Specify Design Power Budget using, set_operating_conditions -design_power_budget <value in Watts>


1.1 On-Chip Components
----------------------

+--------------------------+-----------+----------+-----------+-----------------+
| On-Chip                  | Power (W) | Used     | Available | Utilization (%) |
+--------------------------+-----------+----------+-----------+-----------------+
| Clocks                   |     0.029 |        4 |       --- |             --- |
| CLB Logic                |     0.031 |    26791 |       --- |             --- |
|   LUT as Distributed RAM |     0.021 |      622 |    213600 |            0.29 |
|   LUT as Logic           |     0.009 |    10363 |    425280 |            2.44 |
|   Register               |    <0.001 |    10185 |    850560 |            1.20 |
|   LUT as Shift Register  |    <0.001 |      130 |    213600 |            0.06 |
|   CARRY8                 |    <0.001 |      532 |     53160 |            1.00 |
|   Others                 |     0.000 |      771 |       --- |             --- |
| Signals                  |     0.016 |    19005 |       --- |             --- |
| Block RAM                |    <0.001 |        5 |      1080 |            0.46 |
| DSPs                     |     0.007 |       56 |      4272 |            1.31 |
| PS8                      |     2.301 |        1 |       --- |             --- |
| Static Power             |     1.190 |          |           |                 |
|   PS Static              |     0.097 |          |           |                 |
|   PL Static              |     1.093 |          |           |                 |
| Total                    |     3.576 |          |           |                 |
+--------------------------+-----------+----------+-----------+-----------------+


1.2 Power Supply Summary
------------------------

+-----------------+-------------+-----------+-------------+------------+-------------+-------------+------------+
| Source          | Voltage (V) | Total (A) | Dynamic (A) | Static (A) | Powerup (A) | Budget (A)  | Margin (A) |
+-----------------+-------------+-----------+-------------+------------+-------------+-------------+------------+
| Vccint          |       0.850 |     0.398 |       0.099 |      0.299 |       NA    | Unspecified | NA         |
| Vccint_io       |       0.850 |     0.071 |       0.000 |      0.071 |       NA    | Unspecified | NA         |
| Vccbram         |       0.850 |     0.004 |       0.000 |      0.004 |       NA    | Unspecified | NA         |
| Vccaux          |       1.800 |     0.280 |       0.000 |      0.280 |       NA    | Unspecified | NA         |
| Vccaux_io       |       1.800 |     0.058 |       0.000 |      0.058 |       NA    | Unspecified | NA         |
| Vcco33          |       3.300 |     0.000 |       0.000 |      0.000 |       NA    | Unspecified | NA         |
| Vcco25          |       2.500 |     0.000 |       0.000 |      0.000 |       NA    | Unspecified | NA         |
| Vcco18          |       1.800 |     0.000 |       0.000 |      0.000 |       NA    | Unspecified | NA         |
| Vcco15          |       1.500 |     0.000 |       0.000 |      0.000 |       NA    | Unspecified | NA         |
| Vcco135         |       1.350 |     0.000 |       0.000 |      0.000 |       NA    | Unspecified | NA         |
| Vcco12          |       1.200 |     0.000 |       0.000 |      0.000 |       NA    | Unspecified | NA         |
| Vcco10          |       1.000 |     0.000 |       0.000 |      0.000 |       NA    | Unspecified | NA         |
| Vccadc          |       1.800 |     0.008 |       0.000 |      0.008 |       NA    | Unspecified | NA         |
| VCC_PSINTFP     |       0.850 |     0.630 |       0.597 |      0.033 |       NA    | Unspecified | NA         |
| VCC_PSINTLP     |       0.850 |     0.249 |       0.242 |      0.007 |       NA    | Unspecified | NA         |
| VPS_MGTRAVCC    |       0.850 |     0.139 |       0.138 |      0.001 |       NA    | Unspecified | NA         |
| VCC_PSINTFP_DDR |       0.850 |     0.730 |       0.726 |      0.004 |       NA    | Unspecified | NA         |
| VCC_PSPLL       |       1.200 |     0.071 |       0.069 |      0.002 |       NA    | Unspecified | NA         |
| VPS_MGTRAVTT    |       1.800 |     0.034 |       0.033 |      0.001 |       NA    | Unspecified | NA         |
| VCCO_PSDDR_504  |       1.200 |     0.626 |       0.592 |      0.034 |       NA    | Unspecified | NA         |
| VCC_PSAUX       |       1.800 |     0.002 |       0.000 |      0.002 |       NA    | Unspecified | NA         |
| VCC_PSBATT      |       1.200 |     0.000 |       0.000 |      0.000 |       NA    | Unspecified | NA         |
| VCC_PSDDR_PLL   |       1.800 |     0.001 |       0.000 |      0.001 |       NA    | Unspecified | NA         |
| VCCO_PSIO0_500  |       1.800 |     0.001 |       0.000 |      0.001 |       NA    | Unspecified | NA         |
| VCCO_PSIO1_501  |       1.800 |     0.001 |       0.000 |      0.001 |       NA    | Unspecified | NA         |
| VCCO_PSIO2_502  |       1.800 |     0.001 |       0.000 |      0.001 |       NA    | Unspecified | NA         |
| VCCO_PSIO3_503  |       3.300 |     0.001 |       0.000 |      0.001 |       NA    | Unspecified | NA         |
| VCC_PSADC       |       1.800 |     0.002 |       0.000 |      0.002 |       NA    | Unspecified | NA         |
| VCCINT_AMS      |       0.850 |     0.010 |       0.000 |      0.010 |       NA    | Unspecified | NA         |
| DACAVCC         |       0.925 |     0.008 |       0.000 |      0.008 |       NA    | Unspecified | NA         |
| DACAVCCAUX      |       1.800 |     0.000 |       0.000 |      0.000 |       NA    | Unspecified | NA         |
| DACAVTT         |       2.500 |     0.005 |       0.000 |      0.005 |       NA    | Unspecified | NA         |
| ADCAVCC         |       0.925 |     0.011 |       0.000 |      0.011 |       NA    | Unspecified | NA         |
| ADCAVCCAUX      |       1.800 |     0.049 |       0.000 |      0.049 |       NA    | Unspecified | NA         |
| VCCSDFEC        |       0.850 |     0.029 |       0.000 |      0.029 |       NA    | Unspecified | NA         |
| MGTYAVcc        |       0.900 |     0.000 |       0.000 |      0.000 |       NA    | Unspecified | NA         |
| MGTYAVtt        |       1.200 |     0.000 |       0.000 |      0.000 |       NA    | Unspecified | NA         |
| MGTYVccaux      |       1.800 |     0.000 |       0.000 |      0.000 |       NA    | Unspecified | NA         |
+-----------------+-------------+-----------+-------------+------------+-------------+-------------+------------+


1.3 Confidence Level
--------------------

+-----------------------------+------------+------------------------------------------------+------------------------------------------------------------------------------------------------------------+
| User Input Data             | Confidence | Details                                        | Action                                                                                                     |
+-----------------------------+------------+------------------------------------------------+------------------------------------------------------------------------------------------------------------+
| Design implementation state | High       | Design is routed                               |                                                                                                            |
| Clock nodes activity        | High       | User specified more than 95% of clocks         |                                                                                                            |
| I/O nodes activity          | High       | User specified more than 95% of inputs         |                                                                                                            |
| Internal nodes activity     | Medium     | User specified less than 25% of internal nodes | Provide missing internal nodes activity with simulation results or by editing the "By Resource Type" views |
| Device models               | High       | Device models are Production                   |                                                                                                            |
|                             |            |                                                |                                                                                                            |
| Overall confidence level    | Medium     |                                                |                                                                                                            |
+-----------------------------+------------+------------------------------------------------+------------------------------------------------------------------------------------------------------------+


2. Settings
-----------

2.1 Environment
---------------

+-----------------------+--------------------------+
| Ambient Temp (C)      | 25.0                     |
| ThetaJA (C/W)         | 0.8                      |
| Airflow (LFM)         | 250                      |
| Heat Sink             | medium (Medium Profile)  |
| ThetaSA (C/W)         | 1.2                      |
| Board Selection       | medium (10"x10")         |
| # of Board Layers     | 12to15 (12 to 15 Layers) |
| Board Temperature (C) | 25.0                     |
+-----------------------+--------------------------+


2.2 Clock Constraints
---------------------

+----------+---------------------------------------------------------+-----------------+
| Clock    | Domain                                                  | Constraint (ns) |
+----------+---------------------------------------------------------+-----------------+
| clk_pl_0 | ps_dma_ip_i/zynq_ultra_ps_e_0/inst/pl_clk0              |            10.0 |
| clk_pl_0 | ps_dma_ip_i/zynq_ultra_ps_e_0/inst/pl_clk_unbuffered[0] |            10.0 |
+----------+---------------------------------------------------------+-----------------+


3. Detailed Reports
-------------------

3.1 By Hierarchy
----------------

+-----------------------------+-----------+
| Name                        | Power (W) |
+-----------------------------+-----------+
| ps_dma_ip_wrapper           |     2.386 |
|   ps_dma_ip_i               |     2.386 |
|     axi_dma_0               |     0.011 |
|       U0                    |     0.011 |
|     axi_smc                 |     0.047 |
|       inst                  |     0.047 |
|     layernorm_axi_wrapper_0 |     0.012 |
|       inst                  |     0.012 |
|     smartconnect_0          |     0.011 |
|       inst                  |     0.011 |
|     zynq_ultra_ps_e_0       |     2.304 |
|       inst                  |     2.304 |
+-----------------------------+-----------+


