#-----------------------------------------------------------
# xsim v2024.2 (64-bit)
# SW Build 5239630 on Fri Nov 08 22:34:34 MST 2024
# IP Build 5239520 on Sun Nov 10 16:12:51 MST 2024
# SharedData Build 5239561 on Fri Nov 08 14:39:27 MST 2024
# Start of session at: Mon May 11 15:51:10 2026
# Process ID         : 20883
# Current directory  : /mnt/c/Study/Source/2026/add_norm_core/sim
# Command line       : xsim -mode tcl -source {xsim.dir/add_norm_tb/xsim_script.tcl}
# Log file           : /mnt/c/Study/Source/2026/add_norm_core/sim/xsim.log
# Journal file       : /mnt/c/Study/Source/2026/add_norm_core/sim/xsim.jou
# Running On         : jhnotebook
# Platform           : Ubuntu
# Operating System   : Ubuntu 20.04.4 LTS
# Processor Detail   : 12th Gen Intel(R) Core(TM) i7-1260P
# CPU Frequency      : 2496.009 MHz
# CPU Physical cores : 8
# CPU Logical cores  : 16
# Host memory        : 8166 MB
# Swap memory        : 2147 MB
# Total Virtual      : 10314 MB
# Available Virtual  : 6321 MB
#-----------------------------------------------------------
source xsim.dir/add_norm_tb/xsim_script.tcl
# xsim {add_norm_tb} -autoloadwcfg -runall
Time resolution is 1 ps
run -all
[TB] Simulation complete. RTL trace files written to ../trace/
$finish called at time : 15670 ns : File "/mnt/c/Study/Source/2026/add_norm_core/sim/testbench/add_norm_tb.v" Line 416
exit
INFO: [Common 17-206] Exiting xsim at Mon May 11 15:51:13 2026...
