Vivado Simulator v2024.2.0
Copyright 1986-2022 Xilinx, Inc. All Rights Reserved.
Copyright 2022-2024 Advanced Micro Devices, Inc. All Rights Reserved.
Running: /home/linuxusr/tools/Vivado/2024.2/bin/unwrapped/lnx64.o/xelab --incr --debug typical --relax --mt 8 -L xil_defaultlib -L axis_infrastructure_v1_1_1 -L axi4stream_vip_v1_1_19 -L axi_infrastructure_v1_1_0 -L axi_vip_v1_1_19 -L uvm -L xilinx_vip -L unisims_ver -L unimacro_ver -L secureip -L xpm --snapshot tb_layernorm_axi_wrapper_behav xil_defaultlib.tb_layernorm_axi_wrapper xil_defaultlib.glbl -log elaborate.log 
Using 8 slave threads.
Starting static elaboration
Pass Through NonSizing Optimizer
WARNING: [VRFC 10-9543] actual bit length 5 differs from formal bit length 32 for port 'm_axi_awaddr' [/mnt/c/Study/source/2026/Add_Norm_AXI/ADD_NORM_AXI.srcs/sources_1/tb_layernorm_axi_wrapper.sv:60]
WARNING: [VRFC 10-9543] actual bit length 5 differs from formal bit length 32 for port 'm_axi_araddr' [/mnt/c/Study/source/2026/Add_Norm_AXI/ADD_NORM_AXI.srcs/sources_1/tb_layernorm_axi_wrapper.sv:64]
WARNING: [VRFC 10-5021] port 's_axis_tid' is not connected on this instance [/mnt/c/Study/source/2026/Add_Norm_AXI/ADD_NORM_AXI.srcs/sources_1/tb_layernorm_axi_wrapper.sv:77]
WARNING: [VRFC 10-5021] port 's00_axi_awprot' is not connected on this instance [/mnt/c/Study/source/2026/Add_Norm_AXI/ADD_NORM_AXI.srcs/sources_1/tb_layernorm_axi_wrapper.sv:86]
Completed static elaboration
Starting simulation data flow analysis
Completed simulation data flow analysis
Time Resolution for simulation is 1ps
Compiling package xilinx_vip.axi4stream_vip_pkg
Compiling package xilinx_vip.xil_common_vip_pkg
Compiling package xilinx_vip.axi_vip_pkg
Compiling package std.std
Compiling module xilinx_vip.axi_vip_axi4pc(WDATA_WIDTH=32,RD...
Compiling module xilinx_vip.cb
Compiling module xilinx_vip.axi_vip_if(C_AXI_PROTOCOL=2,C_AX...
Compiling module axi_vip_v1_1_19.axi_vip_v1_1_19_top(C_AXI_PROTOC...
Compiling module xil_defaultlib.axi_lite_master_vip_0
Compiling module xilinx_vip.axi4stream_vip_axi4streampc(DATA...
Compiling module xilinx_vip.cb
Compiling module xilinx_vip.axi4stream_vip_if(C_AXI4STREAM_S...
Compiling module axi4stream_vip_v1_1_19.axi4stream_vip_v1_1_19_top(C_AXI...
Compiling module xil_defaultlib.axis_master_vip_0
Compiling module xil_defaultlib.axis_slave_vip_0
Compiling module xil_defaultlib.layernorm_axi_wrapper_slave_lite...
Compiling module xil_defaultlib.accum_one_row
Compiling module xil_defaultlib.mean
Compiling module xil_defaultlib.var
Compiling module xil_defaultlib.comparator
Compiling module xil_defaultlib.invsqrt_LUT
Compiling module xil_defaultlib.invsqrt
Compiling module xil_defaultlib.calculator_one_row
Compiling module xil_defaultlib.top_calculator_one_row_default
Compiling module xil_defaultlib.normalization
Compiling module xil_defaultlib.top_normalization_default
Compiling module xil_defaultlib.layernorm_axi_wrapper
Compiling module xil_defaultlib.layernorm_axi_wrapper_0
Compiling module xil_defaultlib.tb_layernorm_axi_wrapper
Compiling module xil_defaultlib.glbl
Built simulation snapshot tb_layernorm_axi_wrapper_behav
